ARM GAS  C:\Users\jisu8\AppData\Local\Temp\ccR67DSP.s 			page 1


   1              		.cpu cortex-m0
   2              		.arch armv6s-m
   3              		.fpu softvfp
   4              		.eabi_attribute 20, 1
   5              		.eabi_attribute 21, 1
   6              		.eabi_attribute 23, 3
   7              		.eabi_attribute 24, 1
   8              		.eabi_attribute 25, 1
   9              		.eabi_attribute 26, 1
  10              		.eabi_attribute 30, 1
  11              		.eabi_attribute 34, 0
  12              		.eabi_attribute 18, 4
  13              		.file	"os.c"
  14              		.text
  15              	.Ltext0:
  16              		.cfi_sections	.debug_frame
  17              		.section	.text.Os_1ms_Task,"ax",%progbits
  18              		.align	1
  19              		.syntax unified
  20              		.code	16
  21              		.thumb_func
  23              	Os_1ms_Task:
  24              	.LFB1:
  25              		.file 1 "Core/Src/os.c"
   1:Core/Src/os.c **** #include "os.h"
   2:Core/Src/os.c **** 
   3:Core/Src/os.c **** Os_Var_t Os_Var;
   4:Core/Src/os.c **** 
   5:Core/Src/os.c **** static void Os_Calc_Period(uint8 idx);
   6:Core/Src/os.c **** static void Os_Calc_Runtime_Start(uint8 idx);
   7:Core/Src/os.c **** static void Os_Calc_Runtime_Stop(uint8 idx);
   8:Core/Src/os.c **** static void Os_1ms_Task(void);
   9:Core/Src/os.c **** static void Os_5ms_Task(void);
  10:Core/Src/os.c **** static void Os_10ms_Task(void);
  11:Core/Src/os.c **** static void Os_100ms_Task(void);
  12:Core/Src/os.c **** static void Os_Background_Task(void);
  13:Core/Src/os.c **** 
  14:Core/Src/os.c **** void Os_Init_Task(void)
  15:Core/Src/os.c **** {
  16:Core/Src/os.c **** 
  17:Core/Src/os.c **** }
  18:Core/Src/os.c **** 
  19:Core/Src/os.c **** static void Os_1ms_Task(void)
  20:Core/Src/os.c **** {
  26              		.loc 1 20 1 view -0
  27              		.cfi_startproc
  28              		@ args = 0, pretend = 0, frame = 0
  29              		@ frame_needed = 0, uses_anonymous_args = 0
  30              		@ link register save eliminated.
  21:Core/Src/os.c **** 
  22:Core/Src/os.c **** }
  31              		.loc 1 22 1 view .LVU1
  32              		@ sp needed
  33 0000 7047     		bx	lr
  34              		.cfi_endproc
  35              	.LFE1:
  37              		.section	.text.Os_5ms_Task,"ax",%progbits
ARM GAS  C:\Users\jisu8\AppData\Local\Temp\ccR67DSP.s 			page 2


  38              		.align	1
  39              		.syntax unified
  40              		.code	16
  41              		.thumb_func
  43              	Os_5ms_Task:
  44              	.LFB2:
  23:Core/Src/os.c **** 
  24:Core/Src/os.c **** static void Os_5ms_Task(void)
  25:Core/Src/os.c **** {
  45              		.loc 1 25 1 view -0
  46              		.cfi_startproc
  47              		@ args = 0, pretend = 0, frame = 0
  48              		@ frame_needed = 0, uses_anonymous_args = 0
  49              		@ link register save eliminated.
  26:Core/Src/os.c **** 
  27:Core/Src/os.c **** }
  50              		.loc 1 27 1 view .LVU3
  51              		@ sp needed
  52 0000 7047     		bx	lr
  53              		.cfi_endproc
  54              	.LFE2:
  56              		.section	.text.Os_10ms_Task,"ax",%progbits
  57              		.align	1
  58              		.syntax unified
  59              		.code	16
  60              		.thumb_func
  62              	Os_10ms_Task:
  63              	.LFB3:
  28:Core/Src/os.c **** 
  29:Core/Src/os.c **** static void Os_10ms_Task(void)
  30:Core/Src/os.c **** {
  64              		.loc 1 30 1 view -0
  65              		.cfi_startproc
  66              		@ args = 0, pretend = 0, frame = 0
  67              		@ frame_needed = 0, uses_anonymous_args = 0
  68              		@ link register save eliminated.
  31:Core/Src/os.c **** 
  32:Core/Src/os.c **** }
  69              		.loc 1 32 1 view .LVU5
  70              		@ sp needed
  71 0000 7047     		bx	lr
  72              		.cfi_endproc
  73              	.LFE3:
  75              		.section	.text.Os_100ms_Task,"ax",%progbits
  76              		.align	1
  77              		.syntax unified
  78              		.code	16
  79              		.thumb_func
  81              	Os_100ms_Task:
  82              	.LFB4:
  33:Core/Src/os.c **** 
  34:Core/Src/os.c **** static void Os_100ms_Task(void)
  35:Core/Src/os.c **** {
  83              		.loc 1 35 1 view -0
  84              		.cfi_startproc
  85              		@ args = 0, pretend = 0, frame = 0
  86              		@ frame_needed = 0, uses_anonymous_args = 0
ARM GAS  C:\Users\jisu8\AppData\Local\Temp\ccR67DSP.s 			page 3


  87              		@ link register save eliminated.
  36:Core/Src/os.c **** 
  37:Core/Src/os.c **** }
  88              		.loc 1 37 1 view .LVU7
  89              		@ sp needed
  90 0000 7047     		bx	lr
  91              		.cfi_endproc
  92              	.LFE4:
  94              		.section	.text.Os_Init_Task,"ax",%progbits
  95              		.align	1
  96              		.global	Os_Init_Task
  97              		.syntax unified
  98              		.code	16
  99              		.thumb_func
 101              	Os_Init_Task:
 102              	.LFB0:
  15:Core/Src/os.c **** 
 103              		.loc 1 15 1 view -0
 104              		.cfi_startproc
 105              		@ args = 0, pretend = 0, frame = 0
 106              		@ frame_needed = 0, uses_anonymous_args = 0
 107              		@ link register save eliminated.
  17:Core/Src/os.c **** 
 108              		.loc 1 17 1 view .LVU9
 109              		@ sp needed
 110 0000 7047     		bx	lr
 111              		.cfi_endproc
 112              	.LFE0:
 114              		.section	.text.Os_Time_Handler,"ax",%progbits
 115              		.align	1
 116              		.global	Os_Time_Handler
 117              		.syntax unified
 118              		.code	16
 119              		.thumb_func
 121              	Os_Time_Handler:
 122              	.LFB6:
  38:Core/Src/os.c **** 
  39:Core/Src/os.c **** static void Os_Background_Task(void)
  40:Core/Src/os.c **** {
  41:Core/Src/os.c **** 
  42:Core/Src/os.c **** }
  43:Core/Src/os.c **** 
  44:Core/Src/os.c **** void Os_Time_Handler(void)
  45:Core/Src/os.c **** {
 123              		.loc 1 45 1 view -0
 124              		.cfi_startproc
 125              		@ args = 0, pretend = 0, frame = 0
 126              		@ frame_needed = 0, uses_anonymous_args = 0
 127              		@ link register save eliminated.
  46:Core/Src/os.c **** 	Os_Var.Os_Counter.Os_100us_Counter++;
 128              		.loc 1 46 2 view .LVU11
 129              		.loc 1 46 19 is_stmt 0 view .LVU12
 130 0000 024A     		ldr	r2, .L7
 131              		.loc 1 46 36 view .LVU13
 132 0002 1368     		ldr	r3, [r2]
 133 0004 0133     		adds	r3, r3, #1
 134 0006 1360     		str	r3, [r2]
ARM GAS  C:\Users\jisu8\AppData\Local\Temp\ccR67DSP.s 			page 4


  47:Core/Src/os.c **** }
 135              		.loc 1 47 1 view .LVU14
 136              		@ sp needed
 137 0008 7047     		bx	lr
 138              	.L8:
 139 000a C046     		.align	2
 140              	.L7:
 141 000c 00000000 		.word	Os_Var
 142              		.cfi_endproc
 143              	.LFE6:
 145              		.section	.text.Os_Get_Tick_100us,"ax",%progbits
 146              		.align	1
 147              		.global	Os_Get_Tick_100us
 148              		.syntax unified
 149              		.code	16
 150              		.thumb_func
 152              	Os_Get_Tick_100us:
 153              	.LFB11:
  48:Core/Src/os.c **** 
  49:Core/Src/os.c **** void Os_Handler(void)
  50:Core/Src/os.c **** {
  51:Core/Src/os.c **** 	void(*fp)(void);
  52:Core/Src/os.c ****     if(Os_Var.Os_Task_Flag.Os_100ms_Flag == 1)
  53:Core/Src/os.c **** 	{
  54:Core/Src/os.c **** 		fp = Os_100ms_Task;
  55:Core/Src/os.c **** 		Os_Var.Os_Task_Add.Os_100ms_Address = fp;
  56:Core/Src/os.c **** 		Os_Var.Os_Task_Flag.Os_100ms_Flag = 0;
  57:Core/Src/os.c **** 		Os_Calc_Runtime_Start(OS_TASK_INDEX_100MS);
  58:Core/Src/os.c **** 		(void)Os_100ms_Task();
  59:Core/Src/os.c **** 		Os_Calc_Runtime_Stop(OS_TASK_INDEX_100MS);
  60:Core/Src/os.c **** 		Os_Calc_Period(OS_TASK_INDEX_100MS);
  61:Core/Src/os.c **** 	}
  62:Core/Src/os.c **** 	else
  63:Core/Src/os.c **** 	{
  64:Core/Src/os.c **** 		Os_Calc_Runtime_Start(OS_TASK_INDEX_BG);
  65:Core/Src/os.c **** 		(void)Os_Background_Task();
  66:Core/Src/os.c **** 		Os_Calc_Runtime_Stop(OS_TASK_INDEX_BG);
  67:Core/Src/os.c **** 		Os_Calc_Period(OS_TASK_INDEX_BG);
  68:Core/Src/os.c **** 	}
  69:Core/Src/os.c **** 
  70:Core/Src/os.c ****     return;
  71:Core/Src/os.c **** }
  72:Core/Src/os.c **** 
  73:Core/Src/os.c **** void Os_Handler_1ms(void)
  74:Core/Src/os.c **** {
  75:Core/Src/os.c **** 	if(Os_Var.Os_Counter.Os_1ms_Counter % 1 == 0)
  76:Core/Src/os.c **** 	{
  77:Core/Src/os.c **** 		Os_Var.Os_Counter.Os_1ms_Counter++;
  78:Core/Src/os.c **** 		Os_Var.Os_Task_Flag.Os_1ms_Flag = 1;
  79:Core/Src/os.c **** 	}
  80:Core/Src/os.c **** 
  81:Core/Src/os.c **** 	if(Os_Var.Os_Counter.Os_1ms_Counter % 100 == 0)
  82:Core/Src/os.c **** 	{
  83:Core/Src/os.c **** 		Os_Var.Os_Counter.Os_100ms_Counter++;
  84:Core/Src/os.c **** 		Os_Var.Os_Task_Flag.Os_100ms_Flag = 1;
  85:Core/Src/os.c **** 	}
  86:Core/Src/os.c **** 	void(*fp)(void);
ARM GAS  C:\Users\jisu8\AppData\Local\Temp\ccR67DSP.s 			page 5


  87:Core/Src/os.c **** 	if(Os_Var.Os_Task_Flag.Os_1ms_Flag == 1)
  88:Core/Src/os.c **** 	{
  89:Core/Src/os.c **** 		fp = Os_1ms_Task;
  90:Core/Src/os.c **** 		Os_Var.Os_Task_Add.Os_1ms_Address = fp;
  91:Core/Src/os.c **** 		Os_Var.Os_Task_Flag.Os_1ms_Flag = 0;
  92:Core/Src/os.c **** 		Os_Calc_Runtime_Start(OS_TASK_INDEX_1MS);
  93:Core/Src/os.c **** 		(void)Os_1ms_Task();
  94:Core/Src/os.c **** 		Os_Calc_Runtime_Stop(OS_TASK_INDEX_1MS);
  95:Core/Src/os.c **** 		Os_Calc_Period(OS_TASK_INDEX_1MS);
  96:Core/Src/os.c **** 	}
  97:Core/Src/os.c **** }
  98:Core/Src/os.c **** 
  99:Core/Src/os.c **** void Os_Handler_5ms(void)
 100:Core/Src/os.c **** {
 101:Core/Src/os.c **** 	if(Os_Var.Os_Counter.Os_5ms_Counter % 1 == 0)
 102:Core/Src/os.c **** 	{
 103:Core/Src/os.c **** 		Os_Var.Os_Counter.Os_5ms_Counter++;
 104:Core/Src/os.c **** 		Os_Var.Os_Task_Flag.Os_5ms_Flag = 1;
 105:Core/Src/os.c **** 	}
 106:Core/Src/os.c **** 
 107:Core/Src/os.c **** 	void(*fp)(void);
 108:Core/Src/os.c **** 	if(Os_Var.Os_Task_Flag.Os_5ms_Flag == 1)
 109:Core/Src/os.c **** 	{
 110:Core/Src/os.c **** 		fp = Os_5ms_Task;
 111:Core/Src/os.c **** 		Os_Var.Os_Task_Add.Os_5ms_Address = fp;
 112:Core/Src/os.c **** 		Os_Var.Os_Task_Flag.Os_5ms_Flag = 0;
 113:Core/Src/os.c **** 		Os_Calc_Runtime_Start(OS_TASK_INDEX_5MS);
 114:Core/Src/os.c **** 		(void)Os_5ms_Task();
 115:Core/Src/os.c **** 		Os_Calc_Runtime_Stop(OS_TASK_INDEX_5MS);
 116:Core/Src/os.c **** 		Os_Calc_Period(OS_TASK_INDEX_5MS);
 117:Core/Src/os.c **** 	}
 118:Core/Src/os.c **** }
 119:Core/Src/os.c **** 
 120:Core/Src/os.c **** void Os_Handler_10ms(void)
 121:Core/Src/os.c **** {
 122:Core/Src/os.c **** 	Os_Var.Os_Counter.Os_10ms_Counter++;
 123:Core/Src/os.c **** 	Os_Var.Os_Task_Flag.Os_10ms_Flag = 1;
 124:Core/Src/os.c **** 	void(*fp)(void);
 125:Core/Src/os.c **** 	if(Os_Var.Os_Task_Flag.Os_10ms_Flag == 1)
 126:Core/Src/os.c **** 	{
 127:Core/Src/os.c **** 		fp = Os_10ms_Task;
 128:Core/Src/os.c **** 		Os_Var.Os_Task_Add.Os_10ms_Address = fp;
 129:Core/Src/os.c **** 		Os_Var.Os_Task_Flag.Os_10ms_Flag = 0;
 130:Core/Src/os.c **** 		Os_Calc_Runtime_Start(OS_TASK_INDEX_10MS);
 131:Core/Src/os.c **** 		(void)Os_10ms_Task();
 132:Core/Src/os.c **** 		Os_Calc_Runtime_Stop(OS_TASK_INDEX_10MS);
 133:Core/Src/os.c **** 		Os_Calc_Period(OS_TASK_INDEX_10MS);
 134:Core/Src/os.c **** 	}
 135:Core/Src/os.c **** }
 136:Core/Src/os.c **** 
 137:Core/Src/os.c **** uint32 Os_Get_Tick_100us(void)
 138:Core/Src/os.c **** {
 154              		.loc 1 138 1 is_stmt 1 view -0
 155              		.cfi_startproc
 156              		@ args = 0, pretend = 0, frame = 0
 157              		@ frame_needed = 0, uses_anonymous_args = 0
 158              		@ link register save eliminated.
ARM GAS  C:\Users\jisu8\AppData\Local\Temp\ccR67DSP.s 			page 6


 139:Core/Src/os.c **** 	return Os_Var.Os_Counter.Os_100us_Counter;
 159              		.loc 1 139 2 view .LVU16
 160              		.loc 1 139 26 is_stmt 0 view .LVU17
 161 0000 014B     		ldr	r3, .L10
 162 0002 1868     		ldr	r0, [r3]
 140:Core/Src/os.c **** }
 163              		.loc 1 140 1 view .LVU18
 164              		@ sp needed
 165 0004 7047     		bx	lr
 166              	.L11:
 167 0006 C046     		.align	2
 168              	.L10:
 169 0008 00000000 		.word	Os_Var
 170              		.cfi_endproc
 171              	.LFE11:
 173              		.section	.text.Os_Calc_Runtime_Start,"ax",%progbits
 174              		.align	1
 175              		.syntax unified
 176              		.code	16
 177              		.thumb_func
 179              	Os_Calc_Runtime_Start:
 180              	.LVL0:
 181              	.LFB13:
 141:Core/Src/os.c **** 
 142:Core/Src/os.c **** static void Os_Calc_Period(uint8 idx)
 143:Core/Src/os.c **** {
 144:Core/Src/os.c **** 	uint32 OS_TimeLoc=0;
 145:Core/Src/os.c **** 	uint32 OS_TimeOldLoc=0;
 146:Core/Src/os.c **** 	uint32 Os_TimeDiffLoc=0;
 147:Core/Src/os.c **** 
 148:Core/Src/os.c **** 	OS_TimeLoc = Os_Get_Tick_100us();
 149:Core/Src/os.c **** 
 150:Core/Src/os.c **** 	switch(idx)
 151:Core/Src/os.c **** 	{
 152:Core/Src/os.c **** 		case OS_TASK_INDEX_1MS : 
 153:Core/Src/os.c **** 			OS_TimeOldLoc = Os_Var.Os_Tick_Period.Os_1ms_Tick_Period;
 154:Core/Src/os.c **** 		break;
 155:Core/Src/os.c **** 		case OS_TASK_INDEX_10MS : 
 156:Core/Src/os.c **** 			OS_TimeOldLoc = Os_Var.Os_Tick_Period.Os_10ms_Tick_Period;
 157:Core/Src/os.c **** 		break;
 158:Core/Src/os.c **** 		case OS_TASK_INDEX_100MS : 
 159:Core/Src/os.c **** 			OS_TimeOldLoc = Os_Var.Os_Tick_Period.Os_100ms_Tick_Period;
 160:Core/Src/os.c **** 		break;
 161:Core/Src/os.c **** 	}
 162:Core/Src/os.c **** 
 163:Core/Src/os.c **** 	Os_TimeDiffLoc = OS_TimeLoc - OS_TimeOldLoc;
 164:Core/Src/os.c **** 	OS_TimeOldLoc = OS_TimeLoc;
 165:Core/Src/os.c **** 	
 166:Core/Src/os.c **** 	switch(idx)
 167:Core/Src/os.c **** 	{
 168:Core/Src/os.c **** 		case OS_TASK_INDEX_1MS : 
 169:Core/Src/os.c **** 			Os_Var.Os_Period.Os_1ms_Period = Os_TimeDiffLoc;
 170:Core/Src/os.c **** 			Os_Var.Os_Tick_Period.Os_1ms_Tick_Period = OS_TimeOldLoc;
 171:Core/Src/os.c **** 		break;
 172:Core/Src/os.c **** 		case OS_TASK_INDEX_10MS : 
 173:Core/Src/os.c **** 			Os_Var.Os_Period.Os_10ms_Period = Os_TimeDiffLoc;
 174:Core/Src/os.c **** 			Os_Var.Os_Tick_Period.Os_10ms_Tick_Period = OS_TimeOldLoc;
ARM GAS  C:\Users\jisu8\AppData\Local\Temp\ccR67DSP.s 			page 7


 175:Core/Src/os.c **** 		break;
 176:Core/Src/os.c **** 		case OS_TASK_INDEX_100MS : 
 177:Core/Src/os.c **** 			Os_Var.Os_Period.Os_100ms_Period = Os_TimeDiffLoc;
 178:Core/Src/os.c **** 			Os_Var.Os_Tick_Period.Os_100ms_Tick_Period = OS_TimeOldLoc;
 179:Core/Src/os.c **** 		break;
 180:Core/Src/os.c **** 	}
 181:Core/Src/os.c **** 	
 182:Core/Src/os.c **** 	return;
 183:Core/Src/os.c **** }
 184:Core/Src/os.c **** 
 185:Core/Src/os.c **** static void Os_Calc_Runtime_Start(uint8 idx)
 186:Core/Src/os.c **** {
 182              		.loc 1 186 1 is_stmt 1 view -0
 183              		.cfi_startproc
 184              		@ args = 0, pretend = 0, frame = 0
 185              		@ frame_needed = 0, uses_anonymous_args = 0
 186              		.loc 1 186 1 is_stmt 0 view .LVU20
 187 0000 10B5     		push	{r4, lr}
 188              	.LCFI0:
 189              		.cfi_def_cfa_offset 8
 190              		.cfi_offset 4, -8
 191              		.cfi_offset 14, -4
 192 0002 0400     		movs	r4, r0
 187:Core/Src/os.c **** 	uint32 OS_TimeLoc=0;
 193              		.loc 1 187 2 is_stmt 1 view .LVU21
 194              	.LVL1:
 188:Core/Src/os.c **** 
 189:Core/Src/os.c **** 	OS_TimeLoc = Os_Get_Tick_100us();
 195              		.loc 1 189 2 view .LVU22
 196              		.loc 1 189 15 is_stmt 0 view .LVU23
 197 0004 FFF7FEFF 		bl	Os_Get_Tick_100us
 198              	.LVL2:
 190:Core/Src/os.c **** 
 191:Core/Src/os.c **** 	switch(idx)
 199              		.loc 1 191 2 is_stmt 1 view .LVU24
 200 0008 032C     		cmp	r4, #3
 201 000a 07D0     		beq	.L13
 202 000c 042C     		cmp	r4, #4
 203 000e 08D0     		beq	.L14
 204 0010 012C     		cmp	r4, #1
 205 0012 00D0     		beq	.L16
 206              	.L12:
 192:Core/Src/os.c **** 	{
 193:Core/Src/os.c **** 		case OS_TASK_INDEX_1MS : 
 194:Core/Src/os.c **** 			Os_Var.Os_Tick_Runtime.Os_1ms_Tick_Runtime_Start = OS_TimeLoc;
 195:Core/Src/os.c **** 		break;
 196:Core/Src/os.c **** 		case OS_TASK_INDEX_10MS : 
 197:Core/Src/os.c **** 			Os_Var.Os_Tick_Runtime.Os_10ms_Tick_Runtime_Start = OS_TimeLoc;
 198:Core/Src/os.c **** 		break;
 199:Core/Src/os.c **** 		case OS_TASK_INDEX_100MS : 
 200:Core/Src/os.c **** 			Os_Var.Os_Tick_Runtime.Os_100ms_Tick_Runtime_Start = OS_TimeLoc;
 201:Core/Src/os.c **** 		break;
 202:Core/Src/os.c **** 	}
 203:Core/Src/os.c **** 
 204:Core/Src/os.c **** 	return;
 205:Core/Src/os.c **** }
 207              		.loc 1 205 1 is_stmt 0 view .LVU25
ARM GAS  C:\Users\jisu8\AppData\Local\Temp\ccR67DSP.s 			page 8


 208              		@ sp needed
 209 0014 10BD     		pop	{r4, pc}
 210              	.L16:
 194:Core/Src/os.c **** 		break;
 211              		.loc 1 194 4 is_stmt 1 view .LVU26
 194:Core/Src/os.c **** 		break;
 212              		.loc 1 194 53 is_stmt 0 view .LVU27
 213 0016 044B     		ldr	r3, .L17
 214 0018 5861     		str	r0, [r3, #20]
 195:Core/Src/os.c **** 		case OS_TASK_INDEX_10MS : 
 215              		.loc 1 195 3 is_stmt 1 view .LVU28
 216 001a FBE7     		b	.L12
 217              	.L13:
 197:Core/Src/os.c **** 		break;
 218              		.loc 1 197 4 view .LVU29
 197:Core/Src/os.c **** 		break;
 219              		.loc 1 197 54 is_stmt 0 view .LVU30
 220 001c 024B     		ldr	r3, .L17
 221 001e 5862     		str	r0, [r3, #36]
 198:Core/Src/os.c **** 		case OS_TASK_INDEX_100MS : 
 222              		.loc 1 198 3 is_stmt 1 view .LVU31
 223 0020 F8E7     		b	.L12
 224              	.L14:
 200:Core/Src/os.c **** 		break;
 225              		.loc 1 200 4 view .LVU32
 200:Core/Src/os.c **** 		break;
 226              		.loc 1 200 55 is_stmt 0 view .LVU33
 227 0022 014B     		ldr	r3, .L17
 228 0024 D862     		str	r0, [r3, #44]
 201:Core/Src/os.c **** 	}
 229              		.loc 1 201 3 is_stmt 1 view .LVU34
 204:Core/Src/os.c **** }
 230              		.loc 1 204 2 view .LVU35
 231 0026 F5E7     		b	.L12
 232              	.L18:
 233              		.align	2
 234              	.L17:
 235 0028 00000000 		.word	Os_Var
 236              		.cfi_endproc
 237              	.LFE13:
 239              		.section	.text.Os_Calc_Runtime_Stop,"ax",%progbits
 240              		.align	1
 241              		.syntax unified
 242              		.code	16
 243              		.thumb_func
 245              	Os_Calc_Runtime_Stop:
 246              	.LVL3:
 247              	.LFB14:
 206:Core/Src/os.c **** 
 207:Core/Src/os.c **** static void Os_Calc_Runtime_Stop(uint8 idx)
 208:Core/Src/os.c **** {
 248              		.loc 1 208 1 view -0
 249              		.cfi_startproc
 250              		@ args = 0, pretend = 0, frame = 0
 251              		@ frame_needed = 0, uses_anonymous_args = 0
 252              		.loc 1 208 1 is_stmt 0 view .LVU37
 253 0000 10B5     		push	{r4, lr}
ARM GAS  C:\Users\jisu8\AppData\Local\Temp\ccR67DSP.s 			page 9


 254              	.LCFI1:
 255              		.cfi_def_cfa_offset 8
 256              		.cfi_offset 4, -8
 257              		.cfi_offset 14, -4
 258 0002 0400     		movs	r4, r0
 209:Core/Src/os.c **** 	uint32 OS_TimeLoc=0;
 259              		.loc 1 209 2 is_stmt 1 view .LVU38
 260              	.LVL4:
 210:Core/Src/os.c **** 	uint32 OS_TimeOldLoc=0;
 261              		.loc 1 210 2 view .LVU39
 211:Core/Src/os.c **** 	uint32 Os_TimeDiffLoc=0;
 262              		.loc 1 211 2 view .LVU40
 212:Core/Src/os.c **** 
 213:Core/Src/os.c **** 	OS_TimeLoc = Os_Get_Tick_100us();
 263              		.loc 1 213 2 view .LVU41
 264              		.loc 1 213 15 is_stmt 0 view .LVU42
 265 0004 FFF7FEFF 		bl	Os_Get_Tick_100us
 266              	.LVL5:
 214:Core/Src/os.c **** 
 215:Core/Src/os.c **** 	switch(idx)
 267              		.loc 1 215 2 is_stmt 1 view .LVU43
 268 0008 032C     		cmp	r4, #3
 269 000a 0FD0     		beq	.L20
 270 000c 042C     		cmp	r4, #4
 271 000e 10D0     		beq	.L21
 272 0010 012C     		cmp	r4, #1
 273 0012 08D0     		beq	.L27
 274 0014 0023     		movs	r3, #0
 275              	.LVL6:
 276              	.L22:
 216:Core/Src/os.c **** 	{
 217:Core/Src/os.c **** 		case OS_TASK_INDEX_1MS : 
 218:Core/Src/os.c **** 			OS_TimeOldLoc = Os_Var.Os_Tick_Runtime.Os_1ms_Tick_Runtime_Start;
 219:Core/Src/os.c **** 		break;
 220:Core/Src/os.c **** 		case OS_TASK_INDEX_10MS : 
 221:Core/Src/os.c **** 			OS_TimeOldLoc = Os_Var.Os_Tick_Runtime.Os_10ms_Tick_Runtime_Start;
 222:Core/Src/os.c **** 		break;
 223:Core/Src/os.c **** 		case OS_TASK_INDEX_100MS : 
 224:Core/Src/os.c **** 			OS_TimeOldLoc = Os_Var.Os_Tick_Runtime.Os_100ms_Tick_Runtime_Start;
 225:Core/Src/os.c **** 		break;
 226:Core/Src/os.c **** 	}
 227:Core/Src/os.c **** 
 228:Core/Src/os.c **** 	Os_TimeDiffLoc = OS_TimeLoc - OS_TimeOldLoc;
 277              		.loc 1 228 2 view .LVU44
 278              		.loc 1 228 17 is_stmt 0 view .LVU45
 279 0016 C31A     		subs	r3, r0, r3
 280              	.LVL7:
 229:Core/Src/os.c **** 
 230:Core/Src/os.c **** 	switch(idx)
 281              		.loc 1 230 2 is_stmt 1 view .LVU46
 282 0018 032C     		cmp	r4, #3
 283 001a 11D0     		beq	.L23
 284 001c 042C     		cmp	r4, #4
 285 001e 13D0     		beq	.L24
 286 0020 012C     		cmp	r4, #1
 287 0022 09D0     		beq	.L28
 288              	.L19:
ARM GAS  C:\Users\jisu8\AppData\Local\Temp\ccR67DSP.s 			page 10


 231:Core/Src/os.c **** 	{
 232:Core/Src/os.c **** 		case OS_TASK_INDEX_1MS : 
 233:Core/Src/os.c **** 			Os_Var.Os_Runtime.Os_1ms_Runtime = Os_TimeDiffLoc;
 234:Core/Src/os.c **** 			Os_Var.Os_Tick_Runtime.Os_1ms_Tick_Runtime_Stop = OS_TimeLoc;
 235:Core/Src/os.c **** 		break;
 236:Core/Src/os.c **** 		case OS_TASK_INDEX_10MS : 
 237:Core/Src/os.c **** 			Os_Var.Os_Runtime.Os_10ms_Runtime = Os_TimeDiffLoc;
 238:Core/Src/os.c **** 			Os_Var.Os_Tick_Runtime.Os_10ms_Tick_Runtime_Stop = OS_TimeLoc;
 239:Core/Src/os.c **** 		break;
 240:Core/Src/os.c **** 		case OS_TASK_INDEX_100MS : 
 241:Core/Src/os.c **** 			Os_Var.Os_Runtime.Os_100ms_Runtime = Os_TimeDiffLoc;
 242:Core/Src/os.c **** 			Os_Var.Os_Tick_Runtime.Os_100ms_Tick_Runtime_Stop = OS_TimeLoc;
 243:Core/Src/os.c **** 		break;
 244:Core/Src/os.c **** 	}
 245:Core/Src/os.c **** 
 246:Core/Src/os.c **** 	return;
 247:Core/Src/os.c **** }...
 289              		.loc 1 247 1 is_stmt 0 view .LVU47
 290              		@ sp needed
 291 0024 10BD     		pop	{r4, pc}
 292              	.LVL8:
 293              	.L27:
 218:Core/Src/os.c **** 			OS_TimeOldLoc = Os_Var.Os_Tick_Runtime.Os_1ms_Tick_Runtime_Start;
 294              		.loc 1 218 4 is_stmt 1 view .LVU48
 218:Core/Src/os.c **** 			OS_TimeOldLoc = Os_Var.Os_Tick_Runtime.Os_1ms_Tick_Runtime_Start;
 295              		.loc 1 218 18 is_stmt 0 view .LVU49
 296 0026 0A4B     		ldr	r3, .L29
 297 0028 5B69     		ldr	r3, [r3, #20]
 298              	.LVL9:
 219:Core/Src/os.c **** 		break;
 299              		.loc 1 219 3 is_stmt 1 view .LVU50
 300 002a F4E7     		b	.L22
 301              	.LVL10:
 302              	.L20:
 221:Core/Src/os.c **** 			OS_TimeOldLoc = Os_Var.Os_Tick_Runtime.Os_10ms_Tick_Runtime_Start;
 303              		.loc 1 221 4 view .LVU51
 221:Core/Src/os.c **** 			OS_TimeOldLoc = Os_Var.Os_Tick_Runtime.Os_10ms_Tick_Runtime_Start;
 304              		.loc 1 221 18 is_stmt 0 view .LVU52
 305 002c 084B     		ldr	r3, .L29
 306 002e 5B6A     		ldr	r3, [r3, #36]
 307              	.LVL11:
 222:Core/Src/os.c **** 		break;
 308              		.loc 1 222 3 is_stmt 1 view .LVU53
 309 0030 F1E7     		b	.L22
 310              	.LVL12:
 311              	.L21:
 224:Core/Src/os.c **** 			OS_TimeOldLoc = Os_Var.Os_Tick_Runtime.Os_100ms_Tick_Runtime_Start;
 312              		.loc 1 224 4 view .LVU54
 224:Core/Src/os.c **** 			OS_TimeOldLoc = Os_Var.Os_Tick_Runtime.Os_100ms_Tick_Runtime_Start;
 313              		.loc 1 224 18 is_stmt 0 view .LVU55
 314 0032 074B     		ldr	r3, .L29
 315 0034 DB6A     		ldr	r3, [r3, #44]
 316              	.LVL13:
 225:Core/Src/os.c **** 		break;
 317              		.loc 1 225 3 is_stmt 1 view .LVU56
 318 0036 EEE7     		b	.L22
 319              	.LVL14:
ARM GAS  C:\Users\jisu8\AppData\Local\Temp\ccR67DSP.s 			page 11


 320              	.L28:
 233:Core/Src/os.c **** 			Os_Var.Os_Runtime.Os_1ms_Runtime = Os_TimeDiffLoc;
 321              		.loc 1 233 4 view .LVU57
 233:Core/Src/os.c **** 			Os_Var.Os_Runtime.Os_1ms_Runtime = Os_TimeDiffLoc;
 322              		.loc 1 233 37 is_stmt 0 view .LVU58
 323 0038 054A     		ldr	r2, .L29
 324 003a 5364     		str	r3, [r2, #68]
 234:Core/Src/os.c **** 			Os_Var.Os_Tick_Runtime.Os_1ms_Tick_Runtime_Stop = OS_TimeLoc;
 325              		.loc 1 234 4 is_stmt 1 view .LVU59
 234:Core/Src/os.c **** 			Os_Var.Os_Tick_Runtime.Os_1ms_Tick_Runtime_Stop = OS_TimeLoc;
 326              		.loc 1 234 52 is_stmt 0 view .LVU60
 327 003c 9061     		str	r0, [r2, #24]
 235:Core/Src/os.c **** 		break;
 328              		.loc 1 235 3 is_stmt 1 view .LVU61
 329 003e F1E7     		b	.L19
 330              	.L23:
 237:Core/Src/os.c **** 			Os_Var.Os_Runtime.Os_10ms_Runtime = Os_TimeDiffLoc;
 331              		.loc 1 237 4 view .LVU62
 237:Core/Src/os.c **** 			Os_Var.Os_Runtime.Os_10ms_Runtime = Os_TimeDiffLoc;
 332              		.loc 1 237 38 is_stmt 0 view .LVU63
 333 0040 034A     		ldr	r2, .L29
 334 0042 D364     		str	r3, [r2, #76]
 238:Core/Src/os.c **** 			Os_Var.Os_Tick_Runtime.Os_10ms_Tick_Runtime_Stop = OS_TimeLoc;
 335              		.loc 1 238 4 is_stmt 1 view .LVU64
 238:Core/Src/os.c **** 			Os_Var.Os_Tick_Runtime.Os_10ms_Tick_Runtime_Stop = OS_TimeLoc;
 336              		.loc 1 238 53 is_stmt 0 view .LVU65
 337 0044 9062     		str	r0, [r2, #40]
 239:Core/Src/os.c **** 		break;
 338              		.loc 1 239 3 is_stmt 1 view .LVU66
 339 0046 EDE7     		b	.L19
 340              	.L24:
 241:Core/Src/os.c **** 			Os_Var.Os_Runtime.Os_100ms_Runtime = Os_TimeDiffLoc;
 341              		.loc 1 241 4 view .LVU67
 241:Core/Src/os.c **** 			Os_Var.Os_Runtime.Os_100ms_Runtime = Os_TimeDiffLoc;
 342              		.loc 1 241 39 is_stmt 0 view .LVU68
 343 0048 014A     		ldr	r2, .L29
 344 004a 1365     		str	r3, [r2, #80]
 242:Core/Src/os.c **** 			Os_Var.Os_Tick_Runtime.Os_100ms_Tick_Runtime_Stop = OS_TimeLoc;
 345              		.loc 1 242 4 is_stmt 1 view .LVU69
 242:Core/Src/os.c **** 			Os_Var.Os_Tick_Runtime.Os_100ms_Tick_Runtime_Stop = OS_TimeLoc;
 346              		.loc 1 242 54 is_stmt 0 view .LVU70
 347 004c 1063     		str	r0, [r2, #48]
 243:Core/Src/os.c **** 		break;
 348              		.loc 1 243 3 is_stmt 1 view .LVU71
 246:Core/Src/os.c **** 	return;
 349              		.loc 1 246 2 view .LVU72
 350 004e E9E7     		b	.L19
 351              	.L30:
 352              		.align	2
 353              	.L29:
 354 0050 00000000 		.word	Os_Var
 355              		.cfi_endproc
 356              	.LFE14:
 358              		.section	.text.Os_Calc_Period,"ax",%progbits
 359              		.align	1
 360              		.syntax unified
 361              		.code	16
ARM GAS  C:\Users\jisu8\AppData\Local\Temp\ccR67DSP.s 			page 12


 362              		.thumb_func
 364              	Os_Calc_Period:
 365              	.LVL15:
 366              	.LFB12:
 143:Core/Src/os.c **** {
 367              		.loc 1 143 1 view -0
 368              		.cfi_startproc
 369              		@ args = 0, pretend = 0, frame = 0
 370              		@ frame_needed = 0, uses_anonymous_args = 0
 143:Core/Src/os.c **** {
 371              		.loc 1 143 1 is_stmt 0 view .LVU74
 372 0000 10B5     		push	{r4, lr}
 373              	.LCFI2:
 374              		.cfi_def_cfa_offset 8
 375              		.cfi_offset 4, -8
 376              		.cfi_offset 14, -4
 377 0002 0400     		movs	r4, r0
 144:Core/Src/os.c **** 	uint32 OS_TimeLoc=0;
 378              		.loc 1 144 2 is_stmt 1 view .LVU75
 379              	.LVL16:
 145:Core/Src/os.c **** 	uint32 OS_TimeOldLoc=0;
 380              		.loc 1 145 2 view .LVU76
 146:Core/Src/os.c **** 	uint32 Os_TimeDiffLoc=0;
 381              		.loc 1 146 2 view .LVU77
 148:Core/Src/os.c **** 	OS_TimeLoc = Os_Get_Tick_100us();
 382              		.loc 1 148 2 view .LVU78
 148:Core/Src/os.c **** 	OS_TimeLoc = Os_Get_Tick_100us();
 383              		.loc 1 148 15 is_stmt 0 view .LVU79
 384 0004 FFF7FEFF 		bl	Os_Get_Tick_100us
 385              	.LVL17:
 150:Core/Src/os.c **** 	switch(idx)
 386              		.loc 1 150 2 is_stmt 1 view .LVU80
 387 0008 032C     		cmp	r4, #3
 388 000a 0FD0     		beq	.L32
 389 000c 042C     		cmp	r4, #4
 390 000e 10D0     		beq	.L33
 391 0010 012C     		cmp	r4, #1
 392 0012 08D0     		beq	.L39
 393 0014 0023     		movs	r3, #0
 394              	.LVL18:
 395              	.L34:
 163:Core/Src/os.c **** 	Os_TimeDiffLoc = OS_TimeLoc - OS_TimeOldLoc;
 396              		.loc 1 163 2 view .LVU81
 163:Core/Src/os.c **** 	Os_TimeDiffLoc = OS_TimeLoc - OS_TimeOldLoc;
 397              		.loc 1 163 17 is_stmt 0 view .LVU82
 398 0016 C31A     		subs	r3, r0, r3
 399              	.LVL19:
 164:Core/Src/os.c **** 	OS_TimeOldLoc = OS_TimeLoc;
 400              		.loc 1 164 2 is_stmt 1 view .LVU83
 166:Core/Src/os.c **** 	switch(idx)
 401              		.loc 1 166 2 view .LVU84
 402 0018 032C     		cmp	r4, #3
 403 001a 11D0     		beq	.L35
 404 001c 042C     		cmp	r4, #4
 405 001e 13D0     		beq	.L36
 406 0020 012C     		cmp	r4, #1
 407 0022 09D0     		beq	.L40
ARM GAS  C:\Users\jisu8\AppData\Local\Temp\ccR67DSP.s 			page 13


 408              	.L31:
 183:Core/Src/os.c **** }
 409              		.loc 1 183 1 is_stmt 0 view .LVU85
 410              		@ sp needed
 411 0024 10BD     		pop	{r4, pc}
 412              	.LVL20:
 413              	.L39:
 153:Core/Src/os.c **** 			OS_TimeOldLoc = Os_Var.Os_Tick_Period.Os_1ms_Tick_Period;
 414              		.loc 1 153 4 is_stmt 1 view .LVU86
 153:Core/Src/os.c **** 			OS_TimeOldLoc = Os_Var.Os_Tick_Period.Os_1ms_Tick_Period;
 415              		.loc 1 153 18 is_stmt 0 view .LVU87
 416 0026 0A4B     		ldr	r3, .L41
 417 0028 5B6B     		ldr	r3, [r3, #52]
 418              	.LVL21:
 154:Core/Src/os.c **** 		break;
 419              		.loc 1 154 3 is_stmt 1 view .LVU88
 420 002a F4E7     		b	.L34
 421              	.LVL22:
 422              	.L32:
 156:Core/Src/os.c **** 			OS_TimeOldLoc = Os_Var.Os_Tick_Period.Os_10ms_Tick_Period;
 423              		.loc 1 156 4 view .LVU89
 156:Core/Src/os.c **** 			OS_TimeOldLoc = Os_Var.Os_Tick_Period.Os_10ms_Tick_Period;
 424              		.loc 1 156 18 is_stmt 0 view .LVU90
 425 002c 084B     		ldr	r3, .L41
 426 002e DB6B     		ldr	r3, [r3, #60]
 427              	.LVL23:
 157:Core/Src/os.c **** 		break;
 428              		.loc 1 157 3 is_stmt 1 view .LVU91
 429 0030 F1E7     		b	.L34
 430              	.LVL24:
 431              	.L33:
 159:Core/Src/os.c **** 			OS_TimeOldLoc = Os_Var.Os_Tick_Period.Os_100ms_Tick_Period;
 432              		.loc 1 159 4 view .LVU92
 159:Core/Src/os.c **** 			OS_TimeOldLoc = Os_Var.Os_Tick_Period.Os_100ms_Tick_Period;
 433              		.loc 1 159 18 is_stmt 0 view .LVU93
 434 0032 074B     		ldr	r3, .L41
 435 0034 1B6C     		ldr	r3, [r3, #64]
 436              	.LVL25:
 160:Core/Src/os.c **** 		break;
 437              		.loc 1 160 3 is_stmt 1 view .LVU94
 438 0036 EEE7     		b	.L34
 439              	.LVL26:
 440              	.L40:
 169:Core/Src/os.c **** 			Os_Var.Os_Period.Os_1ms_Period = Os_TimeDiffLoc;
 441              		.loc 1 169 4 view .LVU95
 169:Core/Src/os.c **** 			Os_Var.Os_Period.Os_1ms_Period = Os_TimeDiffLoc;
 442              		.loc 1 169 35 is_stmt 0 view .LVU96
 443 0038 054A     		ldr	r2, .L41
 444 003a 5365     		str	r3, [r2, #84]
 170:Core/Src/os.c **** 			Os_Var.Os_Tick_Period.Os_1ms_Tick_Period = OS_TimeOldLoc;
 445              		.loc 1 170 4 is_stmt 1 view .LVU97
 170:Core/Src/os.c **** 			Os_Var.Os_Tick_Period.Os_1ms_Tick_Period = OS_TimeOldLoc;
 446              		.loc 1 170 45 is_stmt 0 view .LVU98
 447 003c 5063     		str	r0, [r2, #52]
 171:Core/Src/os.c **** 		break;
 448              		.loc 1 171 3 is_stmt 1 view .LVU99
 449 003e F1E7     		b	.L31
ARM GAS  C:\Users\jisu8\AppData\Local\Temp\ccR67DSP.s 			page 14


 450              	.L35:
 173:Core/Src/os.c **** 			Os_Var.Os_Period.Os_10ms_Period = Os_TimeDiffLoc;
 451              		.loc 1 173 4 view .LVU100
 173:Core/Src/os.c **** 			Os_Var.Os_Period.Os_10ms_Period = Os_TimeDiffLoc;
 452              		.loc 1 173 36 is_stmt 0 view .LVU101
 453 0040 034A     		ldr	r2, .L41
 454 0042 D365     		str	r3, [r2, #92]
 174:Core/Src/os.c **** 			Os_Var.Os_Tick_Period.Os_10ms_Tick_Period = OS_TimeOldLoc;
 455              		.loc 1 174 4 is_stmt 1 view .LVU102
 174:Core/Src/os.c **** 			Os_Var.Os_Tick_Period.Os_10ms_Tick_Period = OS_TimeOldLoc;
 456              		.loc 1 174 46 is_stmt 0 view .LVU103
 457 0044 D063     		str	r0, [r2, #60]
 175:Core/Src/os.c **** 		break;
 458              		.loc 1 175 3 is_stmt 1 view .LVU104
 459 0046 EDE7     		b	.L31
 460              	.L36:
 177:Core/Src/os.c **** 			Os_Var.Os_Period.Os_100ms_Period = Os_TimeDiffLoc;
 461              		.loc 1 177 4 view .LVU105
 177:Core/Src/os.c **** 			Os_Var.Os_Period.Os_100ms_Period = Os_TimeDiffLoc;
 462              		.loc 1 177 37 is_stmt 0 view .LVU106
 463 0048 014A     		ldr	r2, .L41
 464 004a 1366     		str	r3, [r2, #96]
 178:Core/Src/os.c **** 			Os_Var.Os_Tick_Period.Os_100ms_Tick_Period = OS_TimeOldLoc;
 465              		.loc 1 178 4 is_stmt 1 view .LVU107
 178:Core/Src/os.c **** 			Os_Var.Os_Tick_Period.Os_100ms_Tick_Period = OS_TimeOldLoc;
 466              		.loc 1 178 47 is_stmt 0 view .LVU108
 467 004c 1064     		str	r0, [r2, #64]
 179:Core/Src/os.c **** 		break;
 468              		.loc 1 179 3 is_stmt 1 view .LVU109
 182:Core/Src/os.c **** 	return;
 469              		.loc 1 182 2 view .LVU110
 470 004e E9E7     		b	.L31
 471              	.L42:
 472              		.align	2
 473              	.L41:
 474 0050 00000000 		.word	Os_Var
 475              		.cfi_endproc
 476              	.LFE12:
 478              		.section	.text.Os_Handler,"ax",%progbits
 479              		.align	1
 480              		.global	Os_Handler
 481              		.syntax unified
 482              		.code	16
 483              		.thumb_func
 485              	Os_Handler:
 486              	.LFB7:
  50:Core/Src/os.c **** {
 487              		.loc 1 50 1 view -0
 488              		.cfi_startproc
 489              		@ args = 0, pretend = 0, frame = 0
 490              		@ frame_needed = 0, uses_anonymous_args = 0
 491 0000 10B5     		push	{r4, lr}
 492              	.LCFI3:
 493              		.cfi_def_cfa_offset 8
 494              		.cfi_offset 4, -8
 495              		.cfi_offset 14, -4
  51:Core/Src/os.c **** 	void(*fp)(void);
ARM GAS  C:\Users\jisu8\AppData\Local\Temp\ccR67DSP.s 			page 15


 496              		.loc 1 51 2 view .LVU112
  52:Core/Src/os.c ****     if(Os_Var.Os_Task_Flag.Os_100ms_Flag == 1)
 497              		.loc 1 52 5 view .LVU113
  52:Core/Src/os.c ****     if(Os_Var.Os_Task_Flag.Os_100ms_Flag == 1)
 498              		.loc 1 52 27 is_stmt 0 view .LVU114
 499 0002 0F4A     		ldr	r2, .L47
 500 0004 6F23     		movs	r3, #111
 501 0006 D35C     		ldrb	r3, [r2, r3]
  52:Core/Src/os.c ****     if(Os_Var.Os_Task_Flag.Os_100ms_Flag == 1)
 502              		.loc 1 52 7 view .LVU115
 503 0008 012B     		cmp	r3, #1
 504 000a 09D0     		beq	.L46
  64:Core/Src/os.c **** 		Os_Calc_Runtime_Start(OS_TASK_INDEX_BG);
 505              		.loc 1 64 3 is_stmt 1 view .LVU116
 506 000c 0520     		movs	r0, #5
 507 000e FFF7FEFF 		bl	Os_Calc_Runtime_Start
 508              	.LVL27:
  65:Core/Src/os.c **** 		(void)Os_Background_Task();
 509              		.loc 1 65 3 view .LVU117
  66:Core/Src/os.c **** 		Os_Calc_Runtime_Stop(OS_TASK_INDEX_BG);
 510              		.loc 1 66 3 view .LVU118
 511 0012 0520     		movs	r0, #5
 512 0014 FFF7FEFF 		bl	Os_Calc_Runtime_Stop
 513              	.LVL28:
  67:Core/Src/os.c **** 		Os_Calc_Period(OS_TASK_INDEX_BG);
 514              		.loc 1 67 3 view .LVU119
 515 0018 0520     		movs	r0, #5
 516 001a FFF7FEFF 		bl	Os_Calc_Period
 517              	.LVL29:
  70:Core/Src/os.c ****     return;
 518              		.loc 1 70 5 view .LVU120
 519              	.L43:
  71:Core/Src/os.c **** }
 520              		.loc 1 71 1 is_stmt 0 view .LVU121
 521              		@ sp needed
 522 001e 10BD     		pop	{r4, pc}
 523              	.L46:
  54:Core/Src/os.c **** 		fp = Os_100ms_Task;
 524              		.loc 1 54 3 is_stmt 1 view .LVU122
  55:Core/Src/os.c **** 		Os_Var.Os_Task_Add.Os_100ms_Address = fp;
 525              		.loc 1 55 3 view .LVU123
  55:Core/Src/os.c **** 		Os_Var.Os_Task_Add.Os_100ms_Address = fp;
 526              		.loc 1 55 39 is_stmt 0 view .LVU124
 527 0020 1300     		movs	r3, r2
 528 0022 084A     		ldr	r2, .L47+4
 529 0024 DA67     		str	r2, [r3, #124]
  56:Core/Src/os.c **** 		Os_Var.Os_Task_Flag.Os_100ms_Flag = 0;
 530              		.loc 1 56 3 is_stmt 1 view .LVU125
  56:Core/Src/os.c **** 		Os_Var.Os_Task_Flag.Os_100ms_Flag = 0;
 531              		.loc 1 56 37 is_stmt 0 view .LVU126
 532 0026 6F22     		movs	r2, #111
 533 0028 0021     		movs	r1, #0
 534 002a 9954     		strb	r1, [r3, r2]
  57:Core/Src/os.c **** 		Os_Calc_Runtime_Start(OS_TASK_INDEX_100MS);
 535              		.loc 1 57 3 is_stmt 1 view .LVU127
 536 002c 0420     		movs	r0, #4
 537 002e FFF7FEFF 		bl	Os_Calc_Runtime_Start
ARM GAS  C:\Users\jisu8\AppData\Local\Temp\ccR67DSP.s 			page 16


 538              	.LVL30:
  58:Core/Src/os.c **** 		(void)Os_100ms_Task();
 539              		.loc 1 58 3 view .LVU128
  59:Core/Src/os.c **** 		Os_Calc_Runtime_Stop(OS_TASK_INDEX_100MS);
 540              		.loc 1 59 3 view .LVU129
 541 0032 0420     		movs	r0, #4
 542 0034 FFF7FEFF 		bl	Os_Calc_Runtime_Stop
 543              	.LVL31:
  60:Core/Src/os.c **** 		Os_Calc_Period(OS_TASK_INDEX_100MS);
 544              		.loc 1 60 3 view .LVU130
 545 0038 0420     		movs	r0, #4
 546 003a FFF7FEFF 		bl	Os_Calc_Period
 547              	.LVL32:
 548 003e EEE7     		b	.L43
 549              	.L48:
 550              		.align	2
 551              	.L47:
 552 0040 00000000 		.word	Os_Var
 553 0044 00000000 		.word	Os_100ms_Task
 554              		.cfi_endproc
 555              	.LFE7:
 557              		.global	__aeabi_uidivmod
 558              		.section	.text.Os_Handler_1ms,"ax",%progbits
 559              		.align	1
 560              		.global	Os_Handler_1ms
 561              		.syntax unified
 562              		.code	16
 563              		.thumb_func
 565              	Os_Handler_1ms:
 566              	.LFB8:
  74:Core/Src/os.c **** {
 567              		.loc 1 74 1 view -0
 568              		.cfi_startproc
 569              		@ args = 0, pretend = 0, frame = 0
 570              		@ frame_needed = 0, uses_anonymous_args = 0
 571 0000 10B5     		push	{r4, lr}
 572              	.LCFI4:
 573              		.cfi_def_cfa_offset 8
 574              		.cfi_offset 4, -8
 575              		.cfi_offset 14, -4
  75:Core/Src/os.c **** 	if(Os_Var.Os_Counter.Os_1ms_Counter % 1 == 0)
 576              		.loc 1 75 2 view .LVU132
  77:Core/Src/os.c **** 		Os_Var.Os_Counter.Os_1ms_Counter++;
 577              		.loc 1 77 3 view .LVU133
  77:Core/Src/os.c **** 		Os_Var.Os_Counter.Os_1ms_Counter++;
 578              		.loc 1 77 20 is_stmt 0 view .LVU134
 579 0002 114B     		ldr	r3, .L51
  77:Core/Src/os.c **** 		Os_Var.Os_Counter.Os_1ms_Counter++;
 580              		.loc 1 77 35 view .LVU135
 581 0004 5A68     		ldr	r2, [r3, #4]
 582 0006 501C     		adds	r0, r2, #1
 583 0008 5860     		str	r0, [r3, #4]
  78:Core/Src/os.c **** 		Os_Var.Os_Task_Flag.Os_1ms_Flag = 1;
 584              		.loc 1 78 3 is_stmt 1 view .LVU136
  78:Core/Src/os.c **** 		Os_Var.Os_Task_Flag.Os_1ms_Flag = 1;
 585              		.loc 1 78 35 is_stmt 0 view .LVU137
 586 000a 6C22     		movs	r2, #108
ARM GAS  C:\Users\jisu8\AppData\Local\Temp\ccR67DSP.s 			page 17


 587 000c 0121     		movs	r1, #1
 588 000e 9954     		strb	r1, [r3, r2]
  81:Core/Src/os.c **** 	if(Os_Var.Os_Counter.Os_1ms_Counter % 100 == 0)
 589              		.loc 1 81 2 is_stmt 1 view .LVU138
  81:Core/Src/os.c **** 	if(Os_Var.Os_Counter.Os_1ms_Counter % 100 == 0)
 590              		.loc 1 81 38 is_stmt 0 view .LVU139
 591 0010 6331     		adds	r1, r1, #99
 592 0012 FFF7FEFF 		bl	__aeabi_uidivmod
 593              	.LVL33:
  81:Core/Src/os.c **** 	if(Os_Var.Os_Counter.Os_1ms_Counter % 100 == 0)
 594              		.loc 1 81 4 view .LVU140
 595 0016 0029     		cmp	r1, #0
 596 0018 06D1     		bne	.L50
  83:Core/Src/os.c **** 		Os_Var.Os_Counter.Os_100ms_Counter++;
 597              		.loc 1 83 3 is_stmt 1 view .LVU141
  83:Core/Src/os.c **** 		Os_Var.Os_Counter.Os_100ms_Counter++;
 598              		.loc 1 83 20 is_stmt 0 view .LVU142
 599 001a 0B4B     		ldr	r3, .L51
  83:Core/Src/os.c **** 		Os_Var.Os_Counter.Os_100ms_Counter++;
 600              		.loc 1 83 37 view .LVU143
 601 001c 1A69     		ldr	r2, [r3, #16]
 602 001e 0132     		adds	r2, r2, #1
 603 0020 1A61     		str	r2, [r3, #16]
  84:Core/Src/os.c **** 		Os_Var.Os_Task_Flag.Os_100ms_Flag = 1;
 604              		.loc 1 84 3 is_stmt 1 view .LVU144
  84:Core/Src/os.c **** 		Os_Var.Os_Task_Flag.Os_100ms_Flag = 1;
 605              		.loc 1 84 37 is_stmt 0 view .LVU145
 606 0022 6F22     		movs	r2, #111
 607 0024 0131     		adds	r1, r1, #1
 608 0026 9954     		strb	r1, [r3, r2]
 609              	.L50:
  86:Core/Src/os.c **** 	void(*fp)(void);
 610              		.loc 1 86 2 is_stmt 1 view .LVU146
  87:Core/Src/os.c **** 	if(Os_Var.Os_Task_Flag.Os_1ms_Flag == 1)
 611              		.loc 1 87 2 view .LVU147
  89:Core/Src/os.c **** 		fp = Os_1ms_Task;
 612              		.loc 1 89 3 view .LVU148
  90:Core/Src/os.c **** 		Os_Var.Os_Task_Add.Os_1ms_Address = fp;
 613              		.loc 1 90 3 view .LVU149
  90:Core/Src/os.c **** 		Os_Var.Os_Task_Add.Os_1ms_Address = fp;
 614              		.loc 1 90 37 is_stmt 0 view .LVU150
 615 0028 074B     		ldr	r3, .L51
 616 002a 084A     		ldr	r2, .L51+4
 617 002c 1A67     		str	r2, [r3, #112]
  91:Core/Src/os.c **** 		Os_Var.Os_Task_Flag.Os_1ms_Flag = 0;
 618              		.loc 1 91 3 is_stmt 1 view .LVU151
  91:Core/Src/os.c **** 		Os_Var.Os_Task_Flag.Os_1ms_Flag = 0;
 619              		.loc 1 91 35 is_stmt 0 view .LVU152
 620 002e 6C22     		movs	r2, #108
 621 0030 0021     		movs	r1, #0
 622 0032 9954     		strb	r1, [r3, r2]
  92:Core/Src/os.c **** 		Os_Calc_Runtime_Start(OS_TASK_INDEX_1MS);
 623              		.loc 1 92 3 is_stmt 1 view .LVU153
 624 0034 0120     		movs	r0, #1
 625 0036 FFF7FEFF 		bl	Os_Calc_Runtime_Start
 626              	.LVL34:
  93:Core/Src/os.c **** 		(void)Os_1ms_Task();
ARM GAS  C:\Users\jisu8\AppData\Local\Temp\ccR67DSP.s 			page 18


 627              		.loc 1 93 3 view .LVU154
  94:Core/Src/os.c **** 		Os_Calc_Runtime_Stop(OS_TASK_INDEX_1MS);
 628              		.loc 1 94 3 view .LVU155
 629 003a 0120     		movs	r0, #1
 630 003c FFF7FEFF 		bl	Os_Calc_Runtime_Stop
 631              	.LVL35:
  95:Core/Src/os.c **** 		Os_Calc_Period(OS_TASK_INDEX_1MS);
 632              		.loc 1 95 3 view .LVU156
 633 0040 0120     		movs	r0, #1
 634 0042 FFF7FEFF 		bl	Os_Calc_Period
 635              	.LVL36:
  97:Core/Src/os.c **** }
 636              		.loc 1 97 1 is_stmt 0 view .LVU157
 637              		@ sp needed
 638 0046 10BD     		pop	{r4, pc}
 639              	.L52:
 640              		.align	2
 641              	.L51:
 642 0048 00000000 		.word	Os_Var
 643 004c 00000000 		.word	Os_1ms_Task
 644              		.cfi_endproc
 645              	.LFE8:
 647              		.section	.text.Os_Handler_5ms,"ax",%progbits
 648              		.align	1
 649              		.global	Os_Handler_5ms
 650              		.syntax unified
 651              		.code	16
 652              		.thumb_func
 654              	Os_Handler_5ms:
 655              	.LFB9:
 100:Core/Src/os.c **** {
 656              		.loc 1 100 1 is_stmt 1 view -0
 657              		.cfi_startproc
 658              		@ args = 0, pretend = 0, frame = 0
 659              		@ frame_needed = 0, uses_anonymous_args = 0
 660 0000 10B5     		push	{r4, lr}
 661              	.LCFI5:
 662              		.cfi_def_cfa_offset 8
 663              		.cfi_offset 4, -8
 664              		.cfi_offset 14, -4
 101:Core/Src/os.c **** 	if(Os_Var.Os_Counter.Os_5ms_Counter % 1 == 0)
 665              		.loc 1 101 2 view .LVU159
 103:Core/Src/os.c **** 		Os_Var.Os_Counter.Os_5ms_Counter++;
 666              		.loc 1 103 3 view .LVU160
 103:Core/Src/os.c **** 		Os_Var.Os_Counter.Os_5ms_Counter++;
 667              		.loc 1 103 20 is_stmt 0 view .LVU161
 668 0002 0A4B     		ldr	r3, .L54
 103:Core/Src/os.c **** 		Os_Var.Os_Counter.Os_5ms_Counter++;
 669              		.loc 1 103 35 view .LVU162
 670 0004 9A68     		ldr	r2, [r3, #8]
 671 0006 0132     		adds	r2, r2, #1
 672 0008 9A60     		str	r2, [r3, #8]
 104:Core/Src/os.c **** 		Os_Var.Os_Task_Flag.Os_5ms_Flag = 1;
 673              		.loc 1 104 3 is_stmt 1 view .LVU163
 104:Core/Src/os.c **** 		Os_Var.Os_Task_Flag.Os_5ms_Flag = 1;
 674              		.loc 1 104 35 is_stmt 0 view .LVU164
 675 000a 6D22     		movs	r2, #109
ARM GAS  C:\Users\jisu8\AppData\Local\Temp\ccR67DSP.s 			page 19


 676 000c 0121     		movs	r1, #1
 677 000e 9954     		strb	r1, [r3, r2]
 107:Core/Src/os.c **** 	void(*fp)(void);
 678              		.loc 1 107 2 is_stmt 1 view .LVU165
 108:Core/Src/os.c **** 	if(Os_Var.Os_Task_Flag.Os_5ms_Flag == 1)
 679              		.loc 1 108 2 view .LVU166
 110:Core/Src/os.c **** 		fp = Os_5ms_Task;
 680              		.loc 1 110 3 view .LVU167
 111:Core/Src/os.c **** 		Os_Var.Os_Task_Add.Os_5ms_Address = fp;
 681              		.loc 1 111 3 view .LVU168
 111:Core/Src/os.c **** 		Os_Var.Os_Task_Add.Os_5ms_Address = fp;
 682              		.loc 1 111 37 is_stmt 0 view .LVU169
 683 0010 0749     		ldr	r1, .L54+4
 684 0012 5967     		str	r1, [r3, #116]
 112:Core/Src/os.c **** 		Os_Var.Os_Task_Flag.Os_5ms_Flag = 0;
 685              		.loc 1 112 3 is_stmt 1 view .LVU170
 112:Core/Src/os.c **** 		Os_Var.Os_Task_Flag.Os_5ms_Flag = 0;
 686              		.loc 1 112 35 is_stmt 0 view .LVU171
 687 0014 0021     		movs	r1, #0
 688 0016 9954     		strb	r1, [r3, r2]
 113:Core/Src/os.c **** 		Os_Calc_Runtime_Start(OS_TASK_INDEX_5MS);
 689              		.loc 1 113 3 is_stmt 1 view .LVU172
 690 0018 0220     		movs	r0, #2
 691 001a FFF7FEFF 		bl	Os_Calc_Runtime_Start
 692              	.LVL37:
 114:Core/Src/os.c **** 		(void)Os_5ms_Task();
 693              		.loc 1 114 3 view .LVU173
 115:Core/Src/os.c **** 		Os_Calc_Runtime_Stop(OS_TASK_INDEX_5MS);
 694              		.loc 1 115 3 view .LVU174
 695 001e 0220     		movs	r0, #2
 696 0020 FFF7FEFF 		bl	Os_Calc_Runtime_Stop
 697              	.LVL38:
 116:Core/Src/os.c **** 		Os_Calc_Period(OS_TASK_INDEX_5MS);
 698              		.loc 1 116 3 view .LVU175
 699 0024 0220     		movs	r0, #2
 700 0026 FFF7FEFF 		bl	Os_Calc_Period
 701              	.LVL39:
 118:Core/Src/os.c **** }
 702              		.loc 1 118 1 is_stmt 0 view .LVU176
 703              		@ sp needed
 704 002a 10BD     		pop	{r4, pc}
 705              	.L55:
 706              		.align	2
 707              	.L54:
 708 002c 00000000 		.word	Os_Var
 709 0030 00000000 		.word	Os_5ms_Task
 710              		.cfi_endproc
 711              	.LFE9:
 713              		.section	.text.Os_Handler_10ms,"ax",%progbits
 714              		.align	1
 715              		.global	Os_Handler_10ms
 716              		.syntax unified
 717              		.code	16
 718              		.thumb_func
 720              	Os_Handler_10ms:
 721              	.LFB10:
 121:Core/Src/os.c **** {
ARM GAS  C:\Users\jisu8\AppData\Local\Temp\ccR67DSP.s 			page 20


 722              		.loc 1 121 1 is_stmt 1 view -0
 723              		.cfi_startproc
 724              		@ args = 0, pretend = 0, frame = 0
 725              		@ frame_needed = 0, uses_anonymous_args = 0
 726 0000 10B5     		push	{r4, lr}
 727              	.LCFI6:
 728              		.cfi_def_cfa_offset 8
 729              		.cfi_offset 4, -8
 730              		.cfi_offset 14, -4
 122:Core/Src/os.c **** 	Os_Var.Os_Counter.Os_10ms_Counter++;
 731              		.loc 1 122 2 view .LVU178
 122:Core/Src/os.c **** 	Os_Var.Os_Counter.Os_10ms_Counter++;
 732              		.loc 1 122 19 is_stmt 0 view .LVU179
 733 0002 0A4B     		ldr	r3, .L57
 122:Core/Src/os.c **** 	Os_Var.Os_Counter.Os_10ms_Counter++;
 734              		.loc 1 122 35 view .LVU180
 735 0004 DA68     		ldr	r2, [r3, #12]
 736 0006 0132     		adds	r2, r2, #1
 737 0008 DA60     		str	r2, [r3, #12]
 123:Core/Src/os.c **** 	Os_Var.Os_Task_Flag.Os_10ms_Flag = 1;
 738              		.loc 1 123 2 is_stmt 1 view .LVU181
 123:Core/Src/os.c **** 	Os_Var.Os_Task_Flag.Os_10ms_Flag = 1;
 739              		.loc 1 123 35 is_stmt 0 view .LVU182
 740 000a 6E22     		movs	r2, #110
 741 000c 0121     		movs	r1, #1
 742 000e 9954     		strb	r1, [r3, r2]
 124:Core/Src/os.c **** 	void(*fp)(void);
 743              		.loc 1 124 2 is_stmt 1 view .LVU183
 125:Core/Src/os.c **** 	if(Os_Var.Os_Task_Flag.Os_10ms_Flag == 1)
 744              		.loc 1 125 2 view .LVU184
 127:Core/Src/os.c **** 		fp = Os_10ms_Task;
 745              		.loc 1 127 3 view .LVU185
 128:Core/Src/os.c **** 		Os_Var.Os_Task_Add.Os_10ms_Address = fp;
 746              		.loc 1 128 3 view .LVU186
 128:Core/Src/os.c **** 		Os_Var.Os_Task_Add.Os_10ms_Address = fp;
 747              		.loc 1 128 38 is_stmt 0 view .LVU187
 748 0010 0749     		ldr	r1, .L57+4
 749 0012 9967     		str	r1, [r3, #120]
 129:Core/Src/os.c **** 		Os_Var.Os_Task_Flag.Os_10ms_Flag = 0;
 750              		.loc 1 129 3 is_stmt 1 view .LVU188
 129:Core/Src/os.c **** 		Os_Var.Os_Task_Flag.Os_10ms_Flag = 0;
 751              		.loc 1 129 36 is_stmt 0 view .LVU189
 752 0014 0021     		movs	r1, #0
 753 0016 9954     		strb	r1, [r3, r2]
 130:Core/Src/os.c **** 		Os_Calc_Runtime_Start(OS_TASK_INDEX_10MS);
 754              		.loc 1 130 3 is_stmt 1 view .LVU190
 755 0018 0320     		movs	r0, #3
 756 001a FFF7FEFF 		bl	Os_Calc_Runtime_Start
 757              	.LVL40:
 131:Core/Src/os.c **** 		(void)Os_10ms_Task();
 758              		.loc 1 131 3 view .LVU191
 132:Core/Src/os.c **** 		Os_Calc_Runtime_Stop(OS_TASK_INDEX_10MS);
 759              		.loc 1 132 3 view .LVU192
 760 001e 0320     		movs	r0, #3
 761 0020 FFF7FEFF 		bl	Os_Calc_Runtime_Stop
 762              	.LVL41:
 133:Core/Src/os.c **** 		Os_Calc_Period(OS_TASK_INDEX_10MS);
ARM GAS  C:\Users\jisu8\AppData\Local\Temp\ccR67DSP.s 			page 21


 763              		.loc 1 133 3 view .LVU193
 764 0024 0320     		movs	r0, #3
 765 0026 FFF7FEFF 		bl	Os_Calc_Period
 766              	.LVL42:
 135:Core/Src/os.c **** }
 767              		.loc 1 135 1 is_stmt 0 view .LVU194
 768              		@ sp needed
 769 002a 10BD     		pop	{r4, pc}
 770              	.L58:
 771              		.align	2
 772              	.L57:
 773 002c 00000000 		.word	Os_Var
 774 0030 00000000 		.word	Os_10ms_Task
 775              		.cfi_endproc
 776              	.LFE10:
 778              		.global	Os_Var
 779              		.section	.bss.Os_Var,"aw",%nobits
 780              		.align	2
 783              	Os_Var:
 784 0000 00000000 		.space	128
 784      00000000 
 784      00000000 
 784      00000000 
 784      00000000 
 785              		.text
 786              	.Letext0:
 787              		.file 2 "Core/Inc/vardef.h"
 788              		.file 3 "Core/Inc/os.h"
ARM GAS  C:\Users\jisu8\AppData\Local\Temp\ccR67DSP.s 			page 22


DEFINED SYMBOLS
                            *ABS*:00000000 os.c
C:\Users\jisu8\AppData\Local\Temp\ccR67DSP.s:18     .text.Os_1ms_Task:00000000 $t
C:\Users\jisu8\AppData\Local\Temp\ccR67DSP.s:23     .text.Os_1ms_Task:00000000 Os_1ms_Task
C:\Users\jisu8\AppData\Local\Temp\ccR67DSP.s:38     .text.Os_5ms_Task:00000000 $t
C:\Users\jisu8\AppData\Local\Temp\ccR67DSP.s:43     .text.Os_5ms_Task:00000000 Os_5ms_Task
C:\Users\jisu8\AppData\Local\Temp\ccR67DSP.s:57     .text.Os_10ms_Task:00000000 $t
C:\Users\jisu8\AppData\Local\Temp\ccR67DSP.s:62     .text.Os_10ms_Task:00000000 Os_10ms_Task
C:\Users\jisu8\AppData\Local\Temp\ccR67DSP.s:76     .text.Os_100ms_Task:00000000 $t
C:\Users\jisu8\AppData\Local\Temp\ccR67DSP.s:81     .text.Os_100ms_Task:00000000 Os_100ms_Task
C:\Users\jisu8\AppData\Local\Temp\ccR67DSP.s:95     .text.Os_Init_Task:00000000 $t
C:\Users\jisu8\AppData\Local\Temp\ccR67DSP.s:101    .text.Os_Init_Task:00000000 Os_Init_Task
C:\Users\jisu8\AppData\Local\Temp\ccR67DSP.s:115    .text.Os_Time_Handler:00000000 $t
C:\Users\jisu8\AppData\Local\Temp\ccR67DSP.s:121    .text.Os_Time_Handler:00000000 Os_Time_Handler
C:\Users\jisu8\AppData\Local\Temp\ccR67DSP.s:141    .text.Os_Time_Handler:0000000c $d
C:\Users\jisu8\AppData\Local\Temp\ccR67DSP.s:783    .bss.Os_Var:00000000 Os_Var
C:\Users\jisu8\AppData\Local\Temp\ccR67DSP.s:146    .text.Os_Get_Tick_100us:00000000 $t
C:\Users\jisu8\AppData\Local\Temp\ccR67DSP.s:152    .text.Os_Get_Tick_100us:00000000 Os_Get_Tick_100us
C:\Users\jisu8\AppData\Local\Temp\ccR67DSP.s:169    .text.Os_Get_Tick_100us:00000008 $d
C:\Users\jisu8\AppData\Local\Temp\ccR67DSP.s:174    .text.Os_Calc_Runtime_Start:00000000 $t
C:\Users\jisu8\AppData\Local\Temp\ccR67DSP.s:179    .text.Os_Calc_Runtime_Start:00000000 Os_Calc_Runtime_Start
C:\Users\jisu8\AppData\Local\Temp\ccR67DSP.s:235    .text.Os_Calc_Runtime_Start:00000028 $d
C:\Users\jisu8\AppData\Local\Temp\ccR67DSP.s:240    .text.Os_Calc_Runtime_Stop:00000000 $t
C:\Users\jisu8\AppData\Local\Temp\ccR67DSP.s:245    .text.Os_Calc_Runtime_Stop:00000000 Os_Calc_Runtime_Stop
C:\Users\jisu8\AppData\Local\Temp\ccR67DSP.s:354    .text.Os_Calc_Runtime_Stop:00000050 $d
C:\Users\jisu8\AppData\Local\Temp\ccR67DSP.s:359    .text.Os_Calc_Period:00000000 $t
C:\Users\jisu8\AppData\Local\Temp\ccR67DSP.s:364    .text.Os_Calc_Period:00000000 Os_Calc_Period
C:\Users\jisu8\AppData\Local\Temp\ccR67DSP.s:474    .text.Os_Calc_Period:00000050 $d
C:\Users\jisu8\AppData\Local\Temp\ccR67DSP.s:479    .text.Os_Handler:00000000 $t
C:\Users\jisu8\AppData\Local\Temp\ccR67DSP.s:485    .text.Os_Handler:00000000 Os_Handler
C:\Users\jisu8\AppData\Local\Temp\ccR67DSP.s:552    .text.Os_Handler:00000040 $d
C:\Users\jisu8\AppData\Local\Temp\ccR67DSP.s:559    .text.Os_Handler_1ms:00000000 $t
C:\Users\jisu8\AppData\Local\Temp\ccR67DSP.s:565    .text.Os_Handler_1ms:00000000 Os_Handler_1ms
C:\Users\jisu8\AppData\Local\Temp\ccR67DSP.s:642    .text.Os_Handler_1ms:00000048 $d
C:\Users\jisu8\AppData\Local\Temp\ccR67DSP.s:648    .text.Os_Handler_5ms:00000000 $t
C:\Users\jisu8\AppData\Local\Temp\ccR67DSP.s:654    .text.Os_Handler_5ms:00000000 Os_Handler_5ms
C:\Users\jisu8\AppData\Local\Temp\ccR67DSP.s:708    .text.Os_Handler_5ms:0000002c $d
C:\Users\jisu8\AppData\Local\Temp\ccR67DSP.s:714    .text.Os_Handler_10ms:00000000 $t
C:\Users\jisu8\AppData\Local\Temp\ccR67DSP.s:720    .text.Os_Handler_10ms:00000000 Os_Handler_10ms
C:\Users\jisu8\AppData\Local\Temp\ccR67DSP.s:773    .text.Os_Handler_10ms:0000002c $d
C:\Users\jisu8\AppData\Local\Temp\ccR67DSP.s:780    .bss.Os_Var:00000000 $d

UNDEFINED SYMBOLS
__aeabi_uidivmod
